<?xml version="1.0" encoding="UTF-8"?>
<!-- Generated by org.testng.reporters.JUnitReportReporter -->
<testsuite hostname="VDO109.local" name="projects.e2etest.TestClass" tests="1" failures="0" timestamp="25 Apr 2017 07:43:04 GMT" time="23.384" errors="0">
  <testcase name="executeTestCase" time="23.384" classname="projects.e2etest.TestClass"/>
</testsuite> <!-- projects.e2etest.TestClass -->
